<?xml version="1.0" encoding="UTF-8"?>
<!-- Generated by org.testng.reporters.JUnitReportReporter -->
<testsuite hostname="Presents-MacBook-Air.local" failures="0" tests="1" name="firsttestngpackage.firstTestNGFile" time="7.819" errors="0" timestamp="05 Apr 2021 19:16:14 GMT" skipped="0">
  <testcase classname="firsttestngpackage.firstTestNGFile" name="verifyHomepageTitle" time="7.819"/>
</testsuite> <!-- firsttestngpackage.firstTestNGFile -->
